<?xml version="1.0" encoding="UTF-8"?>
<testsuite xmlns:xsi="http://www.w3.org/2001/XMLSchema-instance" xsi:noNamespaceSchemaLocation="https://maven.apache.org/surefire/maven-surefire-plugin/xsd/surefire-test-report-3.0.xsd" version="3.0" name="org.example.TestingWebApplicationTest" time="4.149" tests="1" errors="0" skipped="0" failures="0">
  <properties>
[...]
</properties>
  <testcase name="contextLoads" classname="org.example.TestingWebApplicationTest" time="0.4">
    <system-out><![CDATA[14:07:00.874 [main] INFO org.springframework.test.context.support.AnnotationConfigContextLoaderUtils -- Could not detect default configuration classes for test class [org.example.TestingWebApplicationTest]: TestingWebApplicationTest does not declare any static, non-private, non-final, nested classes annotated with @Configuration.
14:07:00.945 [main] INFO org.springframework.boot.test.context.SpringBootTestContextBootstrapper -- Found @SpringBootConfiguration org.example.WebApplication for test class org.example.TestingWebApplicationTest

  .   ____          _            __ _ _
 /\\ / ___'_ __ _ _(_)_ __  __ _ \ \ \ \
( ( )\___ | '_ | '_| | '_ \/ _` | \ \ \ \
 \\/  ___)| |_)| | | | | || (_| |  ) ) ) )
  '  |____| .__|_| |_|_| |_\__, | / / / /
 =========|_|==============|___/=/_/_/_/
 :: Spring Boot ::                (v3.1.4)

2023-10-16T14:07:01.249-04:00  INFO 15736 --- [           main] org.example.TestingWebApplicationTest    : Starting TestingWebApplicationTest using Java 17.0.8.1 with PID 15736 (started by Kareem in D:\D_git\SYSC4806\Labs\Lab5)
2023-10-16T14:07:01.250-04:00  INFO 15736 --- [           main] org.example.TestingWebApplicationTest    : No active profile set, falling back to 1 default profile: "default"
2023-10-16T14:07:01.739-04:00  INFO 15736 --- [           main] .s.d.r.c.RepositoryConfigurationDelegate : Bootstrapping Spring Data JPA repositories in DEFAULT mode.
2023-10-16T14:07:01.783-04:00  INFO 15736 --- [           main] .s.d.r.c.RepositoryConfigurationDelegate : Finished Spring Data repository scanning in 37 ms. Found 2 JPA repository interfaces.
2023-10-16T14:07:02.213-04:00  INFO 15736 --- [           main] com.zaxxer.hikari.HikariDataSource       : HikariPool-1 - Starting...
2023-10-16T14:07:02.363-04:00  INFO 15736 --- [           main] com.zaxxer.hikari.pool.HikariPool        : HikariPool-1 - Added connection conn0: url=jdbc:h2:mem:533f5a66-71ef-46cf-858a-fdc63bb5429d user=SA
2023-10-16T14:07:02.364-04:00  INFO 15736 --- [           main] com.zaxxer.hikari.HikariDataSource       : HikariPool-1 - Start completed.
2023-10-16T14:07:02.403-04:00  INFO 15736 --- [           main] o.hibernate.jpa.internal.util.LogHelper  : HHH000204: Processing PersistenceUnitInfo [name: default]
2023-10-16T14:07:02.451-04:00  INFO 15736 --- [           main] org.hibernate.Version                    : HHH000412: Hibernate ORM core version 6.2.9.Final
2023-10-16T14:07:02.453-04:00  INFO 15736 --- [           main] org.hibernate.cfg.Environment            : HHH000406: Using bytecode reflection optimizer
2023-10-16T14:07:02.584-04:00  INFO 15736 --- [           main] o.h.b.i.BytecodeProviderInitiator        : HHH000021: Bytecode provider name : bytebuddy
2023-10-16T14:07:02.701-04:00  INFO 15736 --- [           main] o.s.o.j.p.SpringPersistenceUnitInfo      : No LoadTimeWeaver setup: ignoring JPA class transformer
2023-10-16T14:07:02.945-04:00  INFO 15736 --- [           main] o.h.b.i.BytecodeProviderInitiator        : HHH000021: Bytecode provider name : bytebuddy
2023-10-16T14:07:03.436-04:00  INFO 15736 --- [           main] o.h.e.t.j.p.i.JtaPlatformInitiator       : HHH000490: Using JtaPlatform implementation: [org.hibernate.engine.transaction.jta.platform.internal.NoJtaPlatform]
2023-10-16T14:07:03.470-04:00  INFO 15736 --- [           main] j.LocalContainerEntityManagerFactoryBean : Initialized JPA EntityManagerFactory for persistence unit 'default'
2023-10-16T14:07:03.831-04:00  WARN 15736 --- [           main] JpaBaseConfiguration$JpaWebConfiguration : spring.jpa.open-in-view is enabled by default. Therefore, database queries may be performed during view rendering. Explicitly configure spring.jpa.open-in-view to disable this warning
2023-10-16T14:07:04.343-04:00  INFO 15736 --- [           main] org.example.TestingWebApplicationTest    : Started TestingWebApplicationTest in 3.281 seconds (process running for 4.071)
2023-10-16T14:07:04.406-04:00  INFO 15736 --- [           main] org.example.WebApplication               : Buddies found with findAll():
2023-10-16T14:07:04.406-04:00  INFO 15736 --- [           main] org.example.WebApplication               : ---------------------
2023-10-16T14:07:04.484-04:00  INFO 15736 --- [           main] org.example.WebApplication               : org.example.model.BuddyInfo@1
2023-10-16T14:07:04.484-04:00  INFO 15736 --- [           main] org.example.WebApplication               : 
]]></system-out>
  </testcase>
</testsuite>